Arguments: 
  /data/data/com.termux/files/usr/bin/node /data/data/com.termux/files/usr/share/yarn/bin/yarn.js

PATH: 
  /data/data/com.termux/files/usr/bin

Yarn version: 
  1.22.19

Node version: 
  19.6.1

Platform: 
  android arm64

Trace: 
  Error: EACCES: permission denied, symlink '../../../../pino/bin.js' -> '/storage/emulated/0/store/node_modules/@adiwajshing/baileys/node_modules/.bin/pino'

npm manifest: 
  {
    "name": "zeeone-store",
    "version": "5.0.0",
    "description": "Bot WhatsApp Khusus Store atau Jualan, berisi fitur-fitur grup seperti addlist, antilink,kick, dan lainnya.",
    "main": "index.js",
    "type": "commonjs",
    "scripts": {
      "start": "node index.js"
    },
    "author": "Zeeoneofc",
    "license": "MIT",
    "dependencies": {
      "@adiwajshing/baileys" : "npm:baileys-md@5.0.5",
      "@adiwajshing/keyed-db": "^0.2.4",
      "awesome-phonenumber": "^2.64.0",
      "axios": "^0.24.0",
      "chalk": "^4.1.2",
      "crypto": "*",
      "express": "^4.18.1",
      "fetch": "^1.1.0",
      "file-type": "^16.5.3",
      "fluent-ffmpeg": "^2.1.2",
      "form-data": "*",
      "fs": "0.0.1-security",
      "moment-timezone": "^0.5.34",
      "ms": "^2.1.3",
      "node-fetch": "^2.6.1",
      "node-webpmux": "^3.1.0",
      "os": "^0.1.2",
      "path": "^0.12.7",
      "pino": "^7.0.5",
      "qrcode": "^1.5.1",
      "qrcode-terminal": "^0.12.0",
      "child_process": "^1.0.2",
      "util": "^0.12.4"
    }
  }

yarn manifest: 
  No manifest

Lockfile: 
  No lockfile
